# JRE version: Java(TM) SE Runtime Environment (8.0_181-b13) (build 1.8.0_181-b13)
# Java VM: Java HotSpot(TM) 64-Bit Server VM (25.181-b13 mixed mode windows-amd64 compressed oops)
Heap:
 PSYoungGen      total 110080K, used 4684K [0x00000000eb500000, 0x00000000f4b00000, 0x0000000100000000)
  eden space 103936K, 4% used [0x00000000eb500000,0x00000000eb993340,0x00000000f1a80000)
  from space 6144K, 0% used [0x00000000f4500000,0x00000000f4500000,0x00000000f4b00000)
  to   space 5120K, 0% used [0x00000000f1a80000,0x00000000f1a80000,0x00000000f1f80000)
 ParOldGen       total 28672K, used 23204K [0x00000000c1e00000, 0x00000000c3a00000, 0x00000000eb500000)
  object space 28672K, 80% used [0x00000000c1e00000,0x00000000c34a93e8,0x00000000c3a00000)
 Metaspace       used 33357K, capacity 34984K, committed 35072K, reserved 1085440K
  class space    used 4526K, capacity 4835K, committed 4864K, reserved 1048576K
GC Heap History (10 events):
Event: 7.701 GC heap before
{Heap before GC invocations=12 (full 1):
 PSYoungGen      total 100864K, used 100653K [0x00000000eb500000, 0x00000000f2480000, 0x0000000100000000)
  eden space 96768K, 100% used [0x00000000eb500000,0x00000000f1380000,0x00000000f1380000)
  from space 4096K, 94% used [0x00000000f2080000,0x00000000f244b488,0x00000000f2480000)
  to   space 5120K, 0% used [0x00000000f1a80000,0x00000000f1a80000,0x00000000f1f80000)
 ParOldGen       total 28672K, used 6964K [0x00000000c1e00000, 0x00000000c3a00000, 0x00000000eb500000)
  object space 28672K, 24% used [0x00000000c1e00000,0x00000000c24cd250,0x00000000c3a00000)
 Metaspace       used 25474K, capacity 26462K, committed 26752K, reserved 1075200K
  class space    used 3466K, capacity 3681K, committed 3712K, reserved 1048576K
Event: 7.709 GC heap after
Heap after GC invocations=12 (full 1):
 PSYoungGen      total 109056K, used 5106K [0x00000000eb500000, 0x00000000f4b00000, 0x0000000100000000)
  eden space 103936K, 0% used [0x00000000eb500000,0x00000000eb500000,0x00000000f1a80000)
  from space 5120K, 99% used [0x00000000f1a80000,0x00000000f1f7c968,0x00000000f1f80000)
  to   space 6144K, 0% used [0x00000000f4500000,0x00000000f4500000,0x00000000f4b00000)
 ParOldGen       total 28672K, used 9064K [0x00000000c1e00000, 0x00000000c3a00000, 0x00000000eb500000)
  object space 28672K, 31% used [0x00000000c1e00000,0x00000000c26da338,0x00000000c3a00000)
 Metaspace       used 25474K, capacity 26462K, committed 26752K, reserved 1075200K
  class space    used 3466K, capacity 3681K, committed 3712K, reserved 1048576K
}
Event: 8.532 GC heap before
{Heap before GC invocations=13 (full 1):
 PSYoungGen      total 109056K, used 109042K [0x00000000eb500000, 0x00000000f4b00000, 0x0000000100000000)
  eden space 103936K, 100% used [0x00000000eb500000,0x00000000f1a80000,0x00000000f1a80000)
  from space 5120K, 99% used [0x00000000f1a80000,0x00000000f1f7c968,0x00000000f1f80000)
  to   space 6144K, 0% used [0x00000000f4500000,0x00000000f4500000,0x00000000f4b00000)
 ParOldGen       total 28672K, used 9064K [0x00000000c1e00000, 0x00000000c3a00000, 0x00000000eb500000)
  object space 28672K, 31% used [0x00000000c1e00000,0x00000000c26da338,0x00000000c3a00000)
 Metaspace       used 28642K, capacity 29960K, committed 30080K, reserved 1077248K
  class space    used 3924K, capacity 4194K, committed 4224K, reserved 1048576K
Event: 8.542 GC heap after
Heap after GC invocations=13 (full 1):
 PSYoungGen      total 110080K, used 6114K [0x00000000eb500000, 0x00000000f4b00000, 0x0000000100000000)
  eden space 103936K, 0% used [0x00000000eb500000,0x00000000eb500000,0x00000000f1a80000)
  from space 6144K, 99% used [0x00000000f4500000,0x00000000f4af89e0,0x00000000f4b00000)
  to   space 5120K, 0% used [0x00000000f1a80000,0x00000000f1a80000,0x00000000f1f80000)
 ParOldGen       total 28672K, used 12823K [0x00000000c1e00000, 0x00000000c3a00000, 0x00000000eb500000)
  object space 28672K, 44% used [0x00000000c1e00000,0x00000000c2a85c90,0x00000000c3a00000)
 Metaspace       used 28642K, capacity 29960K, committed 30080K, reserved 1077248K
  class space    used 3924K, capacity 4194K, committed 4224K, reserved 1048576K
}
Event: 9.217 GC heap before
{Heap before GC invocations=14 (full 1):
 PSYoungGen      total 110080K, used 110050K [0x00000000eb500000, 0x00000000f4b00000, 0x0000000100000000)
  eden space 103936K, 100% used [0x00000000eb500000,0x00000000f1a80000,0x00000000f1a80000)
  from space 6144K, 99% used [0x00000000f4500000,0x00000000f4af89e0,0x00000000f4b00000)
  to   space 5120K, 0% used [0x00000000f1a80000,0x00000000f1a80000,0x00000000f1f80000)
 ParOldGen       total 28672K, used 12823K [0x00000000c1e00000, 0x00000000c3a00000, 0x00000000eb500000)
  object space 28672K, 44% used [0x00000000c1e00000,0x00000000c2a85c90,0x00000000c3a00000)
 Metaspace       used 31361K, capacity 32784K, committed 33024K, reserved 1081344K
  class space    used 4257K, capacity 4542K, committed 4608K, reserved 1048576K
Event: 9.230 GC heap after
Heap after GC invocations=14 (full 1):
 PSYoungGen      total 109056K, used 5115K [0x00000000eb500000, 0x00000000f4b00000, 0x0000000100000000)
  eden space 103936K, 0% used [0x00000000eb500000,0x00000000eb500000,0x00000000f1a80000)
  from space 5120K, 99% used [0x00000000f1a80000,0x00000000f1f7ee80,0x00000000f1f80000)
  to   space 6144K, 0% used [0x00000000f4500000,0x00000000f4500000,0x00000000f4b00000)
 ParOldGen       total 28672K, used 19681K [0x00000000c1e00000, 0x00000000c3a00000, 0x00000000eb500000)
  object space 28672K, 68% used [0x00000000c1e00000,0x00000000c31384c0,0x00000000c3a00000)
 Metaspace       used 31361K, capacity 32784K, committed 33024K, reserved 1081344K
  class space    used 4257K, capacity 4542K, committed 4608K, reserved 1048576K
}
Event: 9.769 GC heap before
{Heap before GC invocations=15 (full 1):
 PSYoungGen      total 109056K, used 108217K [0x00000000eb500000, 0x00000000f4b00000, 0x0000000100000000)
  eden space 103936K, 99% used [0x00000000eb500000,0x00000000f19af600,0x00000000f1a80000)
  from space 5120K, 99% used [0x00000000f1a80000,0x00000000f1f7ee80,0x00000000f1f80000)
  to   space 6144K, 0% used [0x00000000f4500000,0x00000000f4500000,0x00000000f4b00000)
 ParOldGen       total 28672K, used 19681K [0x00000000c1e00000, 0x00000000c3a00000, 0x00000000eb500000)
  object space 28672K, 68% used [0x00000000c1e00000,0x00000000c31384c0,0x00000000c3a00000)
 Metaspace       used 33161K, capacity 34780K, committed 34816K, reserved 1085440K
  class space    used 4493K, capacity 4832K, committed 4864K, reserved 1048576K
Event: 9.783 GC heap after
Heap after GC invocations=15 (full 1):
 PSYoungGen      total 110080K, used 4815K [0x00000000eb500000, 0x00000000f4b00000, 0x0000000100000000)
  eden space 103936K, 0% used [0x00000000eb500000,0x00000000eb500000,0x00000000f1a80000)
  from space 6144K, 78% used [0x00000000f4500000,0x00000000f49b3ea0,0x00000000f4b00000)
  to   space 5120K, 0% used [0x00000000f1a80000,0x00000000f1a80000,0x00000000f1f80000)
 ParOldGen       total 28672K, used 24052K [0x00000000c1e00000, 0x00000000c3a00000, 0x00000000eb500000)
  object space 28672K, 83% used [0x00000000c1e00000,0x00000000c357d380,0x00000000c3a00000)
 Metaspace       used 33161K, capacity 34780K, committed 34816K, reserved 1085440K
  class space    used 4493K, capacity 4832K, committed 4864K, reserved 1048576K
}
Event: 9.783 GC heap before
{Heap before GC invocations=16 (full 2):
 PSYoungGen      total 110080K, used 4815K [0x00000000eb500000, 0x00000000f4b00000, 0x0000000100000000)
  eden space 103936K, 0% used [0x00000000eb500000,0x00000000eb500000,0x00000000f1a80000)
  from space 6144K, 78% used [0x00000000f4500000,0x00000000f49b3ea0,0x00000000f4b00000)
  to   space 5120K, 0% used [0x00000000f1a80000,0x00000000f1a80000,0x00000000f1f80000)
 ParOldGen       total 28672K, used 24052K [0x00000000c1e00000, 0x00000000c3a00000, 0x00000000eb500000)
  object space 28672K, 83% used [0x00000000c1e00000,0x00000000c357d380,0x00000000c3a00000)
 Metaspace       used 33161K, capacity 34780K, committed 34816K, reserved 1085440K
  class space    used 4493K, capacity 4832K, committed 4864K, reserved 1048576K
Event: 9.932 GC heap after
Heap after GC invocations=16 (full 2):
 PSYoungGen      total 110080K, used 0K [0x00000000eb500000, 0x00000000f4b00000, 0x0000000100000000)
  eden space 103936K, 0% used [0x00000000eb500000,0x00000000eb500000,0x00000000f1a80000)
  from space 6144K, 0% used [0x00000000f4500000,0x00000000f4500000,0x00000000f4b00000)
  to   space 5120K, 0% used [0x00000000f1a80000,0x00000000f1a80000,0x00000000f1f80000)
 ParOldGen       total 28672K, used 23204K [0x00000000c1e00000, 0x00000000c3a00000, 0x00000000eb500000)
  object space 28672K, 80% used [0x00000000c1e00000,0x00000000c34a93e8,0x00000000c3a00000)
 Metaspace       used 33161K, capacity 34780K, committed 34816K, reserved 1083392K
  class space    used 4493K, capacity 4832K, committed 4864K, reserved 1048576K
}

