# JRE version: Java(TM) SE Runtime Environment (8.0_181-b13) (build 1.8.0_181-b13)
# Java VM: Java HotSpot(TM) 64-Bit Server VM (25.181-b13 mixed mode windows-amd64 compressed oops)
Heap:
 PSYoungGen      total 155648K, used 85108K [0x00000000eb500000, 0x00000000f6100000, 0x0000000100000000)
  eden space 145408K, 53% used [0x00000000eb500000,0x00000000f0153d80,0x00000000f4300000)
  from space 10240K, 67% used [0x00000000f5080000,0x00000000f57492b0,0x00000000f5a80000)
  to   space 13824K, 0% used [0x00000000f4300000,0x00000000f4300000,0x00000000f5080000)
 ParOldGen       total 56320K, used 20395K [0x00000000c1e00000, 0x00000000c5500000, 0x00000000eb500000)
  object space 56320K, 36% used [0x00000000c1e00000,0x00000000c31ead78,0x00000000c5500000)
 Metaspace       used 40111K, capacity 41976K, committed 42112K, reserved 1085440K
  class space    used 5655K, capacity 6016K, committed 6016K, reserved 1048576K
GC Heap History (10 events):
Event: 7.543 GC heap before
{Heap before GC invocations=10 (full 1):
 PSYoungGen      total 113152K, used 113149K [0x00000000eb500000, 0x00000000f2d00000, 0x0000000100000000)
  eden space 105984K, 100% used [0x00000000eb500000,0x00000000f1c80000,0x00000000f1c80000)
  from space 7168K, 99% used [0x00000000f2400000,0x00000000f2aff578,0x00000000f2b00000)
  to   space 7680K, 0% used [0x00000000f1c80000,0x00000000f1c80000,0x00000000f2400000)
 ParOldGen       total 33280K, used 7724K [0x00000000c1e00000, 0x00000000c3e80000, 0x00000000eb500000)
  object space 33280K, 23% used [0x00000000c1e00000,0x00000000c258b1a0,0x00000000c3e80000)
 Metaspace       used 29432K, capacity 30532K, committed 30720K, reserved 1075200K
  class space    used 3999K, capacity 4264K, committed 4352K, reserved 1048576K
Event: 7.574 GC heap after
Heap after GC invocations=10 (full 1):
 PSYoungGen      total 113664K, used 7668K [0x00000000eb500000, 0x00000000f5a80000, 0x0000000100000000)
  eden space 105984K, 0% used [0x00000000eb500000,0x00000000eb500000,0x00000000f1c80000)
  from space 7680K, 99% used [0x00000000f1c80000,0x00000000f23fd030,0x00000000f2400000)
  to   space 10240K, 0% used [0x00000000f5080000,0x00000000f5080000,0x00000000f5a80000)
 ParOldGen       total 33280K, used 11031K [0x00000000c1e00000, 0x00000000c3e80000, 0x00000000eb500000)
  object space 33280K, 33% used [0x00000000c1e00000,0x00000000c28c5ca0,0x00000000c3e80000)
 Metaspace       used 29432K, capacity 30532K, committed 30720K, reserved 1075200K
  class space    used 3999K, capacity 4264K, committed 4352K, reserved 1048576K
}
Event: 8.607 GC heap before
{Heap before GC invocations=11 (full 1):
 PSYoungGen      total 113664K, used 113652K [0x00000000eb500000, 0x00000000f5a80000, 0x0000000100000000)
  eden space 105984K, 100% used [0x00000000eb500000,0x00000000f1c80000,0x00000000f1c80000)
  from space 7680K, 99% used [0x00000000f1c80000,0x00000000f23fd030,0x00000000f2400000)
  to   space 10240K, 0% used [0x00000000f5080000,0x00000000f5080000,0x00000000f5a80000)
 ParOldGen       total 33280K, used 11031K [0x00000000c1e00000, 0x00000000c3e80000, 0x00000000eb500000)
  object space 33280K, 33% used [0x00000000c1e00000,0x00000000c28c5ca0,0x00000000c3e80000)
 Metaspace       used 33428K, capacity 35044K, committed 35200K, reserved 1079296K
  class space    used 4574K, capacity 4894K, committed 4992K, reserved 1048576K
Event: 8.626 GC heap after
Heap after GC invocations=11 (full 1):
 PSYoungGen      total 155648K, used 10215K [0x00000000eb500000, 0x00000000f6100000, 0x0000000100000000)
  eden space 145408K, 0% used [0x00000000eb500000,0x00000000eb500000,0x00000000f4300000)
  from space 10240K, 99% used [0x00000000f5080000,0x00000000f5a79e00,0x00000000f5a80000)
  to   space 13824K, 0% used [0x00000000f4300000,0x00000000f4300000,0x00000000f5080000)
 ParOldGen       total 33280K, used 17602K [0x00000000c1e00000, 0x00000000c3e80000, 0x00000000eb500000)
  object space 33280K, 52% used [0x00000000c1e00000,0x00000000c2f30b98,0x00000000c3e80000)
 Metaspace       used 33428K, capacity 35044K, committed 35200K, reserved 1079296K
  class space    used 4574K, capacity 4894K, committed 4992K, reserved 1048576K
}
Event: 8.688 GC heap before
{Heap before GC invocations=12 (full 1):
 PSYoungGen      total 155648K, used 19250K [0x00000000eb500000, 0x00000000f6100000, 0x0000000100000000)
  eden space 145408K, 6% used [0x00000000eb500000,0x00000000ebdd2ca0,0x00000000f4300000)
  from space 10240K, 99% used [0x00000000f5080000,0x00000000f5a79e00,0x00000000f5a80000)
  to   space 13824K, 0% used [0x00000000f4300000,0x00000000f4300000,0x00000000f5080000)
 ParOldGen       total 33280K, used 17602K [0x00000000c1e00000, 0x00000000c3e80000, 0x00000000eb500000)
  object space 33280K, 52% used [0x00000000c1e00000,0x00000000c2f30b98,0x00000000c3e80000)
 Metaspace       used 33781K, capacity 35428K, committed 35496K, reserved 1079296K
  class space    used 4632K, capacity 4946K, committed 4992K, reserved 1048576K
Event: 8.701 GC heap after
Heap after GC invocations=12 (full 1):
 PSYoungGen      total 159232K, used 512K [0x00000000eb500000, 0x00000000f6100000, 0x0000000100000000)
  eden space 145408K, 0% used [0x00000000eb500000,0x00000000eb500000,0x00000000f4300000)
  from space 13824K, 3% used [0x00000000f4300000,0x00000000f4380000,0x00000000f5080000)
  to   space 10240K, 0% used [0x00000000f5080000,0x00000000f5080000,0x00000000f5a80000)
 ParOldGen       total 33280K, used 27592K [0x00000000c1e00000, 0x00000000c3e80000, 0x00000000eb500000)
  object space 33280K, 82% used [0x00000000c1e00000,0x00000000c38f2120,0x00000000c3e80000)
 Metaspace       used 33781K, capacity 35428K, committed 35496K, reserved 1079296K
  class space    used 4632K, capacity 4946K, committed 4992K, reserved 1048576K
}
Event: 8.701 GC heap before
{Heap before GC invocations=13 (full 2):
 PSYoungGen      total 159232K, used 512K [0x00000000eb500000, 0x00000000f6100000, 0x0000000100000000)
  eden space 145408K, 0% used [0x00000000eb500000,0x00000000eb500000,0x00000000f4300000)
  from space 13824K, 3% used [0x00000000f4300000,0x00000000f4380000,0x00000000f5080000)
  to   space 10240K, 0% used [0x00000000f5080000,0x00000000f5080000,0x00000000f5a80000)
 ParOldGen       total 33280K, used 27592K [0x00000000c1e00000, 0x00000000c3e80000, 0x00000000eb500000)
  object space 33280K, 82% used [0x00000000c1e00000,0x00000000c38f2120,0x00000000c3e80000)
 Metaspace       used 33781K, capacity 35428K, committed 35496K, reserved 1079296K
  class space    used 4632K, capacity 4946K, committed 4992K, reserved 1048576K
Event: 8.797 GC heap after
Heap after GC invocations=13 (full 2):
 PSYoungGen      total 159232K, used 0K [0x00000000eb500000, 0x00000000f6100000, 0x0000000100000000)
  eden space 145408K, 0% used [0x00000000eb500000,0x00000000eb500000,0x00000000f4300000)
  from space 13824K, 0% used [0x00000000f4300000,0x00000000f4300000,0x00000000f5080000)
  to   space 10240K, 0% used [0x00000000f5080000,0x00000000f5080000,0x00000000f5a80000)
 ParOldGen       total 56320K, used 20387K [0x00000000c1e00000, 0x00000000c5500000, 0x00000000eb500000)
  object space 56320K, 36% used [0x00000000c1e00000,0x00000000c31e8d78,0x00000000c5500000)
 Metaspace       used 33781K, capacity 35428K, committed 35496K, reserved 1079296K
  class space    used 4632K, capacity 4946K, committed 4992K, reserved 1048576K
}
Event: 10.923 GC heap before
{Heap before GC invocations=14 (full 2):
 PSYoungGen      total 159232K, used 145408K [0x00000000eb500000, 0x00000000f6100000, 0x0000000100000000)
  eden space 145408K, 100% used [0x00000000eb500000,0x00000000f4300000,0x00000000f4300000)
  from space 13824K, 0% used [0x00000000f4300000,0x00000000f4300000,0x00000000f5080000)
  to   space 10240K, 0% used [0x00000000f5080000,0x00000000f5080000,0x00000000f5a80000)
 ParOldGen       total 56320K, used 20387K [0x00000000c1e00000, 0x00000000c5500000, 0x00000000eb500000)
  object space 56320K, 36% used [0x00000000c1e00000,0x00000000c31e8d78,0x00000000c5500000)
 Metaspace       used 35119K, capacity 36928K, committed 36992K, reserved 1081344K
  class space    used 4853K, capacity 5212K, committed 5248K, reserved 1048576K
Event: 10.929 GC heap after
Heap after GC invocations=14 (full 2):
 PSYoungGen      total 155648K, used 6948K [0x00000000eb500000, 0x00000000f6100000, 0x0000000100000000)
  eden space 145408K, 0% used [0x00000000eb500000,0x00000000eb500000,0x00000000f4300000)
  from space 10240K, 67% used [0x00000000f5080000,0x00000000f57492b0,0x00000000f5a80000)
  to   space 13824K, 0% used [0x00000000f4300000,0x00000000f4300000,0x00000000f5080000)
 ParOldGen       total 56320K, used 20395K [0x00000000c1e00000, 0x00000000c5500000, 0x00000000eb500000)
  object space 56320K, 36% used [0x00000000c1e00000,0x00000000c31ead78,0x00000000c5500000)
 Metaspace       used 35119K, capacity 36928K, committed 36992K, reserved 1081344K
  class space    used 4853K, capacity 5212K, committed 5248K, reserved 1048576K
}

